{"/Users/mosca/Desktop/laboratoria/CDMX009-MdLinks/index.js": {"path":"/Users/mosca/Desktop/laboratoria/CDMX009-MdLinks/index.js","statementMap":{"0":{"start":{"line":1,"column":11},"end":{"line":1,"column":24}},"1":{"start":{"line":2,"column":13},"end":{"line":2,"column":28}},"2":{"start":{"line":3,"column":14},"end":{"line":3,"column":35}},"3":{"start":{"line":4,"column":15},"end":{"line":4,"column":37}},"4":{"start":{"line":9,"column":4},"end":{"line":13,"column":5}},"5":{"start":{"line":10,"column":8},"end":{"line":10,"column":30}},"6":{"start":{"line":12,"column":8},"end":{"line":12,"column":104}},"7":{"start":{"line":18,"column":19},"end":{"line":18,"column":49}},"8":{"start":{"line":19,"column":4},"end":{"line":19,"column":28}},"9":{"start":{"line":25,"column":19},"end":{"line":25,"column":52}},"10":{"start":{"line":26,"column":18},"end":{"line":26,"column":38}},"11":{"start":{"line":28,"column":8},"end":{"line":34,"column":9}},"12":{"start":{"line":29,"column":12},"end":{"line":29,"column":35}},"13":{"start":{"line":30,"column":14},"end":{"line":34,"column":9}},"14":{"start":{"line":31,"column":12},"end":{"line":31,"column":31}},"15":{"start":{"line":32,"column":14},"end":{"line":34,"column":9}},"16":{"start":{"line":33,"column":12},"end":{"line":33,"column":28}},"17":{"start":{"line":39,"column":19},"end":{"line":64,"column":5}},"18":{"start":{"line":39,"column":37},"end":{"line":63,"column":6}},"19":{"start":{"line":41,"column":19},"end":{"line":45,"column":9}},"20":{"start":{"line":46,"column":8},"end":{"line":50,"column":9}},"21":{"start":{"line":47,"column":12},"end":{"line":47,"column":96}},"22":{"start":{"line":49,"column":12},"end":{"line":49,"column":95}},"23":{"start":{"line":51,"column":8},"end":{"line":51,"column":19}},"24":{"start":{"line":54,"column":18},"end":{"line":58,"column":9}},"25":{"start":{"line":59,"column":8},"end":{"line":61,"column":9}},"26":{"start":{"line":60,"column":12},"end":{"line":60,"column":90}},"27":{"start":{"line":62,"column":8},"end":{"line":62,"column":18}},"28":{"start":{"line":65,"column":4},"end":{"line":66,"column":41}},"29":{"start":{"line":66,"column":17},"end":{"line":66,"column":40}},"30":{"start":{"line":70,"column":4},"end":{"line":70,"column":62}},"31":{"start":{"line":71,"column":4},"end":{"line":76,"column":14}},"32":{"start":{"line":72,"column":8},"end":{"line":74,"column":11}},"33":{"start":{"line":73,"column":12},"end":{"line":73,"column":34}},"34":{"start":{"line":75,"column":10},"end":{"line":75,"column":27}},"35":{"start":{"line":77,"column":4},"end":{"line":82,"column":14}},"36":{"start":{"line":78,"column":8},"end":{"line":80,"column":11}},"37":{"start":{"line":79,"column":12},"end":{"line":79,"column":34}},"38":{"start":{"line":81,"column":10},"end":{"line":81,"column":27}},"39":{"start":{"line":84,"column":4},"end":{"line":84,"column":14}},"40":{"start":{"line":89,"column":19},"end":{"line":114,"column":5}},"41":{"start":{"line":89,"column":37},"end":{"line":113,"column":6}},"42":{"start":{"line":91,"column":19},"end":{"line":95,"column":9}},"43":{"start":{"line":96,"column":12},"end":{"line":100,"column":13}},"44":{"start":{"line":97,"column":16},"end":{"line":97,"column":100}},"45":{"start":{"line":99,"column":16},"end":{"line":99,"column":99}},"46":{"start":{"line":101,"column":12},"end":{"line":101,"column":23}},"47":{"start":{"line":104,"column":18},"end":{"line":108,"column":9}},"48":{"start":{"line":109,"column":12},"end":{"line":111,"column":13}},"49":{"start":{"line":110,"column":16},"end":{"line":110,"column":94}},"50":{"start":{"line":112,"column":12},"end":{"line":112,"column":22}},"51":{"start":{"line":115,"column":4},"end":{"line":115,"column":32}},"52":{"start":{"line":120,"column":19},"end":{"line":123,"column":4}},"53":{"start":{"line":120,"column":37},"end":{"line":122,"column":65}},"54":{"start":{"line":121,"column":17},"end":{"line":121,"column":69}},"55":{"start":{"line":122,"column":16},"end":{"line":122,"column":63}},"56":{"start":{"line":124,"column":4},"end":{"line":126,"column":43}},"57":{"start":{"line":126,"column":18},"end":{"line":126,"column":41}},"58":{"start":{"line":131,"column":0},"end":{"line":134,"column":1}}},"fnMap":{"0":{"name":"validateFile","decl":{"start":{"line":8,"column":9},"end":{"line":8,"column":21}},"loc":{"start":{"line":8,"column":35},"end":{"line":14,"column":1}},"line":8},"1":{"name":"readFile","decl":{"start":{"line":17,"column":9},"end":{"line":17,"column":17}},"loc":{"start":{"line":17,"column":31},"end":{"line":20,"column":1}},"line":17},"2":{"name":"getLinks","decl":{"start":{"line":23,"column":9},"end":{"line":23,"column":17}},"loc":{"start":{"line":23,"column":33},"end":{"line":35,"column":1}},"line":23},"3":{"name":"validateAndStats","decl":{"start":{"line":38,"column":9},"end":{"line":38,"column":25}},"loc":{"start":{"line":38,"column":32},"end":{"line":67,"column":1}},"line":38},"4":{"name":"(anonymous_4)","decl":{"start":{"line":39,"column":29},"end":{"line":39,"column":30}},"loc":{"start":{"line":39,"column":37},"end":{"line":63,"column":6}},"line":39},"5":{"name":"(anonymous_5)","decl":{"start":{"line":40,"column":15},"end":{"line":40,"column":16}},"loc":{"start":{"line":40,"column":22},"end":{"line":52,"column":5}},"line":40},"6":{"name":"(anonymous_6)","decl":{"start":{"line":53,"column":12},"end":{"line":53,"column":13}},"loc":{"start":{"line":53,"column":21},"end":{"line":63,"column":5}},"line":53},"7":{"name":"(anonymous_7)","decl":{"start":{"line":66,"column":10},"end":{"line":66,"column":11}},"loc":{"start":{"line":66,"column":17},"end":{"line":66,"column":40}},"line":66},"8":{"name":"statsLinksValidate","decl":{"start":{"line":69,"column":9},"end":{"line":69,"column":27}},"loc":{"start":{"line":69,"column":33},"end":{"line":85,"column":1}},"line":69},"9":{"name":"(anonymous_9)","decl":{"start":{"line":71,"column":65},"end":{"line":71,"column":66}},"loc":{"start":{"line":71,"column":90},"end":{"line":76,"column":9}},"line":71},"10":{"name":"(anonymous_10)","decl":{"start":{"line":77,"column":67},"end":{"line":77,"column":68}},"loc":{"start":{"line":77,"column":93},"end":{"line":82,"column":9}},"line":77},"11":{"name":"onlyValidate","decl":{"start":{"line":88,"column":9},"end":{"line":88,"column":21}},"loc":{"start":{"line":88,"column":28},"end":{"line":116,"column":1}},"line":88},"12":{"name":"(anonymous_12)","decl":{"start":{"line":89,"column":29},"end":{"line":89,"column":30}},"loc":{"start":{"line":89,"column":37},"end":{"line":113,"column":6}},"line":89},"13":{"name":"(anonymous_13)","decl":{"start":{"line":90,"column":15},"end":{"line":90,"column":16}},"loc":{"start":{"line":90,"column":22},"end":{"line":102,"column":5}},"line":90},"14":{"name":"(anonymous_14)","decl":{"start":{"line":103,"column":12},"end":{"line":103,"column":13}},"loc":{"start":{"line":103,"column":21},"end":{"line":113,"column":5}},"line":103},"15":{"name":"onlyStats","decl":{"start":{"line":119,"column":9},"end":{"line":119,"column":18}},"loc":{"start":{"line":119,"column":25},"end":{"line":127,"column":1}},"line":119},"16":{"name":"(anonymous_16)","decl":{"start":{"line":120,"column":29},"end":{"line":120,"column":30}},"loc":{"start":{"line":120,"column":37},"end":{"line":122,"column":65}},"line":120},"17":{"name":"(anonymous_17)","decl":{"start":{"line":121,"column":9},"end":{"line":121,"column":10}},"loc":{"start":{"line":121,"column":17},"end":{"line":121,"column":69}},"line":121},"18":{"name":"(anonymous_18)","decl":{"start":{"line":122,"column":10},"end":{"line":122,"column":11}},"loc":{"start":{"line":122,"column":16},"end":{"line":122,"column":63}},"line":122},"19":{"name":"(anonymous_19)","decl":{"start":{"line":126,"column":10},"end":{"line":126,"column":11}},"loc":{"start":{"line":126,"column":17},"end":{"line":126,"column":42}},"line":126}},"branchMap":{"0":{"loc":{"start":{"line":9,"column":4},"end":{"line":13,"column":5}},"type":"if","locations":[{"start":{"line":9,"column":4},"end":{"line":13,"column":5}},{"start":{"line":9,"column":4},"end":{"line":13,"column":5}}],"line":9},"1":{"loc":{"start":{"line":28,"column":8},"end":{"line":34,"column":9}},"type":"if","locations":[{"start":{"line":28,"column":8},"end":{"line":34,"column":9}},{"start":{"line":28,"column":8},"end":{"line":34,"column":9}}],"line":28},"2":{"loc":{"start":{"line":30,"column":14},"end":{"line":34,"column":9}},"type":"if","locations":[{"start":{"line":30,"column":14},"end":{"line":34,"column":9}},{"start":{"line":30,"column":14},"end":{"line":34,"column":9}}],"line":30},"3":{"loc":{"start":{"line":32,"column":14},"end":{"line":34,"column":9}},"type":"if","locations":[{"start":{"line":32,"column":14},"end":{"line":34,"column":9}},{"start":{"line":32,"column":14},"end":{"line":34,"column":9}}],"line":32},"4":{"loc":{"start":{"line":46,"column":8},"end":{"line":50,"column":9}},"type":"if","locations":[{"start":{"line":46,"column":8},"end":{"line":50,"column":9}},{"start":{"line":46,"column":8},"end":{"line":50,"column":9}}],"line":46},"5":{"loc":{"start":{"line":59,"column":8},"end":{"line":61,"column":9}},"type":"if","locations":[{"start":{"line":59,"column":8},"end":{"line":61,"column":9}},{"start":{"line":59,"column":8},"end":{"line":61,"column":9}}],"line":59},"6":{"loc":{"start":{"line":72,"column":8},"end":{"line":74,"column":11}},"type":"if","locations":[{"start":{"line":72,"column":8},"end":{"line":74,"column":11}},{"start":{"line":72,"column":8},"end":{"line":74,"column":11}}],"line":72},"7":{"loc":{"start":{"line":78,"column":8},"end":{"line":80,"column":11}},"type":"if","locations":[{"start":{"line":78,"column":8},"end":{"line":80,"column":11}},{"start":{"line":78,"column":8},"end":{"line":80,"column":11}}],"line":78},"8":{"loc":{"start":{"line":96,"column":12},"end":{"line":100,"column":13}},"type":"if","locations":[{"start":{"line":96,"column":12},"end":{"line":100,"column":13}},{"start":{"line":96,"column":12},"end":{"line":100,"column":13}}],"line":96},"9":{"loc":{"start":{"line":109,"column":12},"end":{"line":111,"column":13}},"type":"if","locations":[{"start":{"line":109,"column":12},"end":{"line":111,"column":13}},{"start":{"line":109,"column":12},"end":{"line":111,"column":13}}],"line":109}},"s":{"0":1,"1":1,"2":1,"3":1,"4":1,"5":0,"6":1,"7":0,"8":0,"9":0,"10":0,"11":0,"12":0,"13":0,"14":0,"15":0,"16":0,"17":0,"18":0,"19":0,"20":0,"21":0,"22":0,"23":0,"24":0,"25":0,"26":0,"27":0,"28":0,"29":0,"30":0,"31":0,"32":0,"33":0,"34":0,"35":0,"36":0,"37":0,"38":0,"39":0,"40":0,"41":0,"42":0,"43":0,"44":0,"45":0,"46":0,"47":0,"48":0,"49":0,"50":0,"51":0,"52":0,"53":0,"54":0,"55":0,"56":0,"57":0,"58":1},"f":{"0":1,"1":0,"2":0,"3":0,"4":0,"5":0,"6":0,"7":0,"8":0,"9":0,"10":0,"11":0,"12":0,"13":0,"14":0,"15":0,"16":0,"17":0,"18":0,"19":0},"b":{"0":[0,1],"1":[0,0],"2":[0,0],"3":[0,0],"4":[0,0],"5":[0,0],"6":[0,0],"7":[0,0],"8":[0,0],"9":[0,0]},"_coverageSchema":"1a1c01bbd47fc00a2c39e90264f33305004495a9","hash":"00155f01c064492fee931c742a443cc07a5cb06c"}
}
